2014-cze-21 13:50:51 +0200 Dell INFO [myapp.handler] - myapp started successfully
2014-cze-21 17:24:33 +0200 Dell INFO [myapp.handler] - myapp is shutting down...
2014-cze-21 17:27:49 +0200 Dell INFO [myapp.handler] - myapp started successfully
2014-lip-16 13:12:45 +0200 PCZIEJA INFO [myapp.handler] - myapp started successfully
2014-lip-16 13:18:36 +0200 PCZIEJA INFO [myapp.handler] - myapp started successfully
2014-lip-17 10:33:42 +0200 PCZIEJA INFO [myapp.handler] - myapp started successfully
2014-lip-17 11:37:26 +0200 PCZIEJA INFO [myapp.handler] - myapp started successfully
2014-lip-19 11:51:38 +0200 Dell INFO [myapp.handler] - myapp started successfully
2014-lip-19 14:57:36 +0200 Dell INFO [myapp.handler] - myapp started successfully
2014-lip-19 16:32:29 +0200 Dell INFO [myapp.handler] - myapp started successfully
2014-lip-20 17:13:32 +0200 Dell INFO [myapp.handler] - myapp started successfully
2014-lip-20 18:17:39 +0200 Dell INFO [myapp.handler] - myapp started successfully
2014-lip-20 18:18:18 +0200 Dell INFO [myapp.handler] - myapp started successfully
2014-lip-20 18:27:29 +0200 Dell INFO [myapp.handler] - myapp started successfully
2014-lip-20 19:09:58 +0200 Dell INFO [myapp.handler] - myapp started successfully
2014-lip-20 20:05:34 +0200 Dell INFO [myapp.handler] - myapp started successfully
2014-lip-20 21:21:59 +0200 Dell INFO [myapp.handler] - myapp started successfully
2014-lip-21 10:02:43 +0200 PCZIEJA INFO [myapp.handler] - myapp started successfully
2014-lip-21 11:49:53 +0200 PCZIEJA INFO [myapp.handler] - myapp started successfully
2014-lip-21 15:07:12 +0200 PCZIEJA INFO [myapp.handler] - myapp started successfully
2014-lip-21 16:08:45 +0200 PCZIEJA INFO [myapp.handler] - myapp started successfully
2014-lip-22 10:27:09 +0200 PCZIEJA INFO [myapp.handler] - myapp started successfully
2014-lip-22 10:31:18 +0200 PCZIEJA INFO [myapp.handler] - myapp started successfully
2014-lip-22 15:12:37 +0200 PCZIEJA INFO [myapp.handler] - myapp started successfully
2014-lip-22 16:06:38 +0200 PCZIEJA INFO [myapp.handler] - myapp started successfully
2014-lip-22 20:37:03 +0200 Dell INFO [myapp.handler] - myapp started successfully
2014-lip-22 22:17:48 +0200 Dell INFO [myapp.handler] - myapp started successfully
2014-lip-22 23:06:08 +0200 Dell INFO [myapp.handler] - myapp started successfully
2014-lip-22 23:30:38 +0200 Dell INFO [myapp.handler] - myapp started successfully
2014-lip-23 16:26:32 +0200 PCZIEJA INFO [myapp.handler] - myapp started successfully
2014-lip-24 08:57:28 +0200 PCZIEJA INFO [myapp.handler] - myapp started successfully
2014-lip-24 18:31:54 +0200 Dell INFO [myapp.handler] - myapp started successfully
2014-lip-25 11:20:29 +0200 PCZIEJA INFO [myapp.handler] - myapp started successfully
2014-lip-25 12:52:57 +0200 PCZIEJA INFO [myapp.handler] - myapp started successfully
2014-lip-25 14:54:04 +0200 PCZIEJA INFO [myapp.handler] - myapp started successfully
2014-lip-25 15:28:08 +0200 PCZIEJA INFO [myapp.handler] - myapp started successfully
2014-lip-25 20:14:04 +0200 Dell INFO [myapp.handler] - myapp started successfully
2014-lip-26 11:34:46 +0200 Dell INFO [myapp.handler] - myapp started successfully
2014-lip-26 12:21:56 +0200 Dell INFO [myapp.handler] - myapp started successfully
2014-lip-26 14:25:44 +0200 Dell INFO [myapp.handler] - myapp started successfully
2014-lip-26 15:18:44 +0200 Dell INFO [myapp.handler] - myapp started successfully
2014-lip-27 11:42:55 +0200 Dell INFO [myapp.handler] - myapp started successfully
2014-lip-28 13:13:40 +0200 PCZIEJA INFO [myapp.handler] - myapp started successfully
2014-lip-28 16:24:39 +0200 PCZIEJA INFO [myapp.handler] - myapp started successfully
<<<<<<< HEAD
2014-lip-28 19:10:43 +0200 Dell INFO [myapp.handler] - myapp is shutting down...
2014-lip-28 20:31:43 +0200 Dell INFO [myapp.handler] - myapp started successfully
=======
2014-lip-29 10:55:22 +0200 PCZIEJA INFO [myapp.handler] - myapp started successfully
2014-lip-29 11:22:29 +0200 PCZIEJA INFO [myapp.handler] - myapp started successfully
2014-lip-29 11:26:39 +0200 PCZIEJA INFO [myapp.handler] - myapp started successfully
2014-lip-29 11:31:17 +0200 PCZIEJA INFO [myapp.handler] - myapp started successfully
2014-lip-29 11:54:39 +0200 PCZIEJA INFO [myapp.handler] - myapp started successfully
>>>>>>> 798a680b81db5dfdc4f1fd1efaa36ba63e98f6cb
2014-lip-29 19:28:55 +0200 Dell INFO [myapp.handler] - myapp started successfully
2014-lip-30 11:10:28 +0200 PCZIEJA INFO [myapp.handler] - myapp started successfully
